<?xml version="1.0" encoding="UTF-8"?>
<!-- Generated by org.testng.reporters.JUnitXMLReporter -->
<testsuite ignored="0" hostname="Baskars-MacBook-Air.local" failures="0" tests="3" name="Default test" time="17.158" errors="0" timestamp="2024-02-28T17:04:59 IST">
  <testcase classname="testdata.Tc3" name="startdrow" time="6.009"/>
  <testcase classname="testdata.Tc2" name="startdrow" time="5.516"/>
  <testcase classname="testdata.Tc01" name="startdrow" time="5.62"/>
</testsuite> <!-- Default test -->
