<?xml version="1.0" encoding="UTF-8"?>
<testng-results ignored="0" total="3" passed="3" failed="0" skipped="0">
  <reporter-output>
  </reporter-output>
  <suite started-at="2024-02-28T16:59:35 IST" name="Suite" finished-at="2024-02-28T16:59:53 IST" duration-ms="17828">
    <groups>
    </groups>
    <test started-at="2024-02-28T16:59:35 IST" name="Test" finished-at="2024-02-28T16:59:53 IST" duration-ms="17828">
      <class name="testdata.Tc3">
        <test-method signature="startdrow()[pri:0, instance:testdata.Tc3@7e5afaa6]" started-at="2024-02-28T16:59:47 IST" name="startdrow" finished-at="2024-02-28T16:59:53 IST" duration-ms="6106" status="PASS">
          <reporter-output>
          </reporter-output>
        </test-method> <!-- startdrow -->
      </class> <!-- testdata.Tc3 -->
      <class name="testdata.Tc2">
        <test-method signature="startdrow()[pri:0, instance:testdata.Tc2@483f6d77]" started-at="2024-02-28T16:59:41 IST" name="startdrow" finished-at="2024-02-28T16:59:47 IST" duration-ms="5496" status="PASS">
          <reporter-output>
          </reporter-output>
        </test-method> <!-- startdrow -->
      </class> <!-- testdata.Tc2 -->
      <class name="testdata.Tc01">
        <test-method signature="startdrow()[pri:0, instance:testdata.Tc01@29d89d5d]" started-at="2024-02-28T16:59:35 IST" name="startdrow" finished-at="2024-02-28T16:59:41 IST" duration-ms="6212" status="PASS">
          <reporter-output>
          </reporter-output>
        </test-method> <!-- startdrow -->
      </class> <!-- testdata.Tc01 -->
    </test> <!-- Test -->
  </suite> <!-- Suite -->
</testng-results>
